TN:
SF:app\LoginScreen.tsx
FN:14,LoginScreen
FN:61,(anonymous_1)
FN:69,(anonymous_2)
FNF:3
FNH:0
FNDA:0,LoginScreen
FNDA:0,(anonymous_1)
FNDA:0,(anonymous_2)
DA:15,0
DA:16,0
DA:18,0
DA:61,0
DA:81,0
LF:5
LH:0
BRDA:22,0,0,0
BRDA:22,0,1,0
BRF:2
BRH:0
end_of_record
TN:
SF:app\MyOrdersScreen.tsx
FN:22,useScale
FN:26,(anonymous_1)
FN:29,(anonymous_2)
FN:36,(anonymous_3)
FN:59,AvatarIcon
FN:76,BellIcon
FN:85,LocationIcon
FN:94,ArrowRightIcon
FN:103,PriceIcon
FN:114,HomeNavIcon
FN:124,HistoryNavIcon
FN:133,ProfileNavIcon
FN:143,PriceItem
FN:187,MyOrdersScreen
FN:198,(anonymous_14)
FN:199,fetchData
FN:260,(anonymous_16)
FN:267,(anonymous_17)
FN:462,(anonymous_18)
FN:478,(anonymous_19)
FNF:20
FNH:20
FNDA:120,useScale
FNDA:2832,(anonymous_1)
FNDA:384,(anonymous_2)
FNDA:1680,(anonymous_3)
FNDA:24,AvatarIcon
FNDA:24,BellIcon
FNDA:24,LocationIcon
FNDA:72,ArrowRightIcon
FNDA:48,PriceIcon
FNDA:24,HomeNavIcon
FNDA:24,HistoryNavIcon
FNDA:24,ProfileNavIcon
FNDA:48,PriceItem
FNDA:24,MyOrdersScreen
FNDA:12,(anonymous_14)
FNDA:12,fetchData
FNDA:96,(anonymous_16)
FNDA:48,(anonymous_17)
FNDA:24,(anonymous_18)
FNDA:24,(anonymous_19)
DA:19,2
DA:20,2
DA:23,120
DA:26,2832
DA:29,384
DA:36,120
DA:37,1680
DA:38,1680
DA:45,120
DA:55,120
DA:60,24
DA:77,24
DA:86,24
DA:95,72
DA:104,48
DA:105,48
DA:106,48
DA:115,24
DA:116,24
DA:125,24
DA:134,24
DA:149,48
DA:150,48
DA:188,24
DA:189,24
DA:191,24
DA:193,24
DA:194,24
DA:195,24
DA:196,24
DA:198,24
DA:200,12
DA:201,12
DA:204,12
DA:210,12
DA:211,12
DA:215,12
DA:222,12
DA:223,12
DA:226,0
DA:232,0
DA:233,0
DA:238,12
DA:246,12
DA:247,12
DA:251,0
DA:253,12
DA:257,12
DA:260,24
DA:261,96
DA:262,96
DA:263,96
DA:267,24
DA:268,48
DA:270,12
DA:280,12
DA:290,12
DA:301,12
DA:313,24
DA:463,24
DA:464,24
DA:465,24
DA:479,24
DA:480,24
DA:481,24
DA:542,2
LF:66
LH:62
BRDA:36,0,0,1680
BRDA:76,1,0,0
BRDA:85,2,0,0
BRDA:94,3,0,0
BRDA:94,4,0,0
BRDA:115,5,0,24
BRDA:115,5,1,0
BRDA:119,6,0,24
BRDA:119,6,1,0
BRDA:191,7,0,0
BRDA:191,7,1,24
BRDA:191,8,0,0
BRDA:191,8,1,0
BRDA:210,9,0,12
BRDA:210,9,1,0
BRDA:222,10,0,12
BRDA:222,10,1,0
BRDA:232,11,0,0
BRDA:232,11,1,0
BRDA:246,12,0,12
BRDA:246,12,1,0
BRDA:262,13,0,0
BRDA:262,13,1,96
BRDA:268,14,0,12
BRDA:268,14,1,12
BRDA:268,14,2,12
BRDA:268,14,3,12
BRDA:268,14,4,12
BRDA:457,15,0,12
BRDA:457,15,1,12
BRDA:476,16,0,12
BRDA:476,16,1,12
BRF:32
BRH:17
end_of_record
TN:
SF:app\Onboarding1Screen.tsx
FN:7,Onboarding1Screen
FN:17,(anonymous_1)
FN:59,(anonymous_2)
FNF:3
FNH:3
FNDA:8,Onboarding1Screen
FNDA:2,(anonymous_1)
FNDA:2,(anonymous_2)
DA:5,2
DA:8,8
DA:10,8
DA:17,2
DA:59,2
DA:69,2
LF:6
LH:6
BRF:0
BRH:0
end_of_record
TN:
SF:app\Onboarding2Screen.tsx
FN:7,Onboarding2Screen
FN:17,(anonymous_1)
FN:58,(anonymous_2)
FNF:3
FNH:0
FNDA:0,Onboarding2Screen
FNDA:0,(anonymous_1)
FNDA:0,(anonymous_2)
DA:5,0
DA:8,0
DA:10,0
DA:17,0
DA:58,0
DA:68,0
LF:6
LH:0
BRF:0
BRH:0
end_of_record
TN:
SF:app\Onboarding3Screen.tsx
FN:7,Onboarding3Screen
FN:17,(anonymous_1)
FN:58,(anonymous_2)
FNF:3
FNH:0
FNDA:0,Onboarding3Screen
FNDA:0,(anonymous_1)
FNDA:0,(anonymous_2)
DA:5,0
DA:8,0
DA:10,0
DA:17,0
DA:58,0
DA:68,0
LF:6
LH:0
BRF:0
BRH:0
end_of_record
TN:
SF:app\SplashScreen.tsx
FN:14,SplashScreen
FN:17,(anonymous_1)
FN:18,(anonymous_2)
FN:21,(anonymous_3)
FN:29,(anonymous_4)
FNF:5
FNH:0
FNDA:0,SplashScreen
FNDA:0,(anonymous_1)
FNDA:0,(anonymous_2)
FNDA:0,(anonymous_3)
FNDA:0,(anonymous_4)
DA:6,0
DA:9,0
DA:15,0
DA:17,0
DA:18,0
DA:19,0
DA:21,0
DA:24,0
DA:29,0
DA:58,0
LF:10
LH:0
BRF:0
BRH:0
end_of_record
TN:
SF:app\VerifyOtpScreen.tsx
FN:16,VerifyOtpScreen
FN:18,(anonymous_1)
FN:23,(anonymous_2)
FN:25,(anonymous_3)
FN:26,(anonymous_4)
FN:30,(anonymous_5)
FN:40,(anonymous_6)
FN:58,(anonymous_7)
FN:83,(anonymous_8)
FN:86,(anonymous_9)
FN:94,(anonymous_10)
FN:95,(anonymous_11)
FN:106,(anonymous_12)
FN:121,(anonymous_13)
FNF:14
FNH:0
FNDA:0,VerifyOtpScreen
FNDA:0,(anonymous_1)
FNDA:0,(anonymous_2)
FNDA:0,(anonymous_3)
FNDA:0,(anonymous_4)
FNDA:0,(anonymous_5)
FNDA:0,(anonymous_6)
FNDA:0,(anonymous_7)
FNDA:0,(anonymous_8)
FNDA:0,(anonymous_9)
FNDA:0,(anonymous_10)
FNDA:0,(anonymous_11)
FNDA:0,(anonymous_12)
FNDA:0,(anonymous_13)
DA:17,0
DA:18,0
DA:19,0
DA:20,0
DA:21,0
DA:23,0
DA:24,0
DA:25,0
DA:26,0
DA:30,0
DA:31,0
DA:32,0
DA:33,0
DA:34,0
DA:35,0
DA:36,0
DA:40,0
DA:41,0
DA:42,0
DA:46,0
DA:48,0
DA:58,0
DA:84,0
DA:86,0
DA:94,0
DA:95,0
DA:108,0
DA:112,0
DA:121,0
DA:133,0
LF:30
LH:0
BRDA:24,0,0,0
BRDA:24,0,1,0
BRDA:31,1,0,0
BRDA:31,1,1,0
BRDA:35,2,0,0
BRDA:35,2,1,0
BRDA:35,3,0,0
BRDA:35,3,1,0
BRDA:41,4,0,0
BRDA:41,4,1,0
BRDA:41,5,0,0
BRDA:41,5,1,0
BRDA:41,5,2,0
BRDA:52,6,0,0
BRDA:52,6,1,0
BRDA:89,7,0,0
BRDA:89,7,1,0
BRDA:121,8,0,0
BRDA:121,8,1,0
BRF:19
BRH:0
end_of_record
TN:
SF:app\(app)\_layout.tsx
FN:4,AppLayout
FNF:1
FNH:0
FNDA:0,AppLayout
DA:5,0
DA:7,0
LF:2
LH:0
BRF:0
BRH:0
end_of_record
TN:
SF:app\(app)\index.tsx
FN:4,App
FNF:1
FNH:0
FNDA:0,App
DA:5,0
DA:13,0
LF:2
LH:0
BRF:0
BRH:0
end_of_record
TN:
SF:app\(app)\settings.tsx
FN:12,SettingsScreen
FN:18,(anonymous_1)
FN:30,(anonymous_2)
FN:31,(anonymous_3)
FN:41,(anonymous_4)
FN:42,(anonymous_5)
FNF:6
FNH:0
FNDA:0,SettingsScreen
FNDA:0,(anonymous_1)
FNDA:0,(anonymous_2)
FNDA:0,(anonymous_3)
FNDA:0,(anonymous_4)
FNDA:0,(anonymous_5)
DA:13,0
DA:14,0
DA:15,0
DA:16,0
DA:18,0
DA:19,0
DA:22,0
DA:31,0
DA:42,0
DA:60,0
LF:10
LH:0
BRDA:31,0,0,0
BRDA:31,0,1,0
BRDA:33,1,0,0
BRDA:33,1,1,0
BRDA:42,2,0,0
BRDA:42,2,1,0
BRDA:44,3,0,0
BRDA:44,3,1,0
BRF:8
BRH:0
end_of_record
TN:
SF:app\(auth)\_layout.tsx
FN:3,AuthLayout
FNF:1
FNH:0
FNDA:0,AuthLayout
DA:4,0
LF:1
LH:0
BRF:0
BRH:0
end_of_record
TN:
SF:app\(auth)\login.tsx
FN:9,LoginScreen
FN:17,(anonymous_1)
FNF:2
FNH:0
FNDA:0,LoginScreen
FNDA:0,(anonymous_1)
DA:10,0
DA:11,0
DA:12,0
DA:13,0
DA:14,0
DA:15,0
DA:17,0
DA:18,0
DA:19,0
DA:20,0
DA:21,0
DA:23,0
DA:25,0
DA:29,0
DA:54,0
LF:15
LH:0
BRDA:18,0,0,0
BRDA:18,0,1,0
BRDA:18,1,0,0
BRDA:18,1,1,0
BRDA:30,2,0,0
BRDA:30,2,1,0
BRDA:39,3,0,0
BRDA:39,3,1,0
BRDA:40,4,0,0
BRDA:40,4,1,0
BRF:10
BRH:0
end_of_record
TN:
SF:app\(auth)\register.tsx
FN:9,RegisterScreen
FN:18,(anonymous_1)
FNF:2
FNH:0
FNDA:0,RegisterScreen
FNDA:0,(anonymous_1)
DA:10,0
DA:11,0
DA:12,0
DA:13,0
DA:14,0
DA:15,0
DA:16,0
DA:18,0
DA:19,0
DA:20,0
DA:21,0
DA:22,0
DA:24,0
DA:25,0
DA:26,0
DA:27,0
DA:29,0
DA:31,0
DA:35,0
DA:62,0
LF:20
LH:0
BRDA:19,0,0,0
BRDA:19,0,1,0
BRDA:19,1,0,0
BRDA:19,1,1,0
BRDA:20,2,0,0
BRDA:20,2,1,0
BRDA:36,3,0,0
BRDA:36,3,1,0
BRDA:47,4,0,0
BRDA:47,4,1,0
BRDA:48,5,0,0
BRDA:48,5,1,0
BRF:12
BRH:0
end_of_record
TN:
SF:src\api\index.ts
FNF:0
FNH:0
DA:4,0
LF:1
LH:0
BRF:0
BRH:0
end_of_record
TN:
SF:src\components\external-link.tsx
FN:8,ExternalLink
FN:14,(anonymous_1)
FNF:2
FNH:0
FNDA:0,ExternalLink
FNDA:0,(anonymous_1)
DA:9,0
DA:15,0
DA:16,0
DA:17,0
LF:4
LH:0
BRDA:15,0,0,0
BRDA:15,0,1,0
BRF:2
BRH:0
end_of_record
TN:
SF:src\components\haptic-tab.tsx
FN:6,HapticTab
FN:10,(anonymous_1)
FNF:2
FNH:0
FNDA:0,HapticTab
FNDA:0,(anonymous_1)
DA:7,0
DA:11,0
DA:12,0
DA:14,0
LF:4
LH:0
BRDA:11,0,0,0
BRDA:11,0,1,0
BRF:2
BRH:0
end_of_record
TN:
SF:src\components\hello-wave.tsx
FN:3,HelloWave
FNF:1
FNH:0
FNDA:0,HelloWave
DA:4,0
LF:1
LH:0
BRF:0
BRH:0
end_of_record
TN:
SF:src\components\parallax-scroll-view.tsx
FN:16,ParallaxScrollView
FN:21,(anonymous_1)
FNF:2
FNH:0
FNDA:0,ParallaxScrollView
FNDA:0,(anonymous_1)
DA:9,0
DA:17,0
DA:18,0
DA:19,0
DA:20,0
DA:21,0
DA:22,0
DA:34,0
DA:42,0
LF:9
LH:0
BRDA:18,0,0,0
BRDA:18,0,1,0
BRF:2
BRH:0
end_of_record
TN:
SF:src\components\themed-text.tsx
FN:13,ThemedText
FNF:1
FNH:0
FNDA:0,ThemedText
DA:20,0
DA:22,0
DA:38,0
LF:3
LH:0
BRDA:17,0,0,0
BRDA:26,1,0,0
BRDA:26,1,1,0
BRDA:27,2,0,0
BRDA:27,2,1,0
BRDA:28,3,0,0
BRDA:28,3,1,0
BRDA:29,4,0,0
BRDA:29,4,1,0
BRDA:30,5,0,0
BRDA:30,5,1,0
BRF:11
BRH:0
end_of_record
TN:
SF:src\components\themed-view.tsx
FN:12,ThemedView
FNF:1
FNH:0
FNDA:0,ThemedView
DA:13,0
DA:15,0
LF:2
LH:0
BRF:0
BRH:0
end_of_record
TN:
SF:src\components\ui\collapsible.tsx
FN:10,Collapsible
FN:16,(anonymous_1)
FN:16,(anonymous_2)
FNF:3
FNH:0
FNDA:0,Collapsible
FNDA:0,(anonymous_1)
FNDA:0,(anonymous_2)
DA:11,0
DA:12,0
DA:14,0
DA:16,0
DA:26,0
LF:5
LH:0
BRDA:12,0,0,0
BRDA:12,0,1,0
BRDA:17,1,0,0
BRDA:17,1,1,0
BRDA:17,2,0,0
BRDA:17,2,1,0
BRDA:21,3,0,0
BRDA:21,3,1,0
BRF:8
BRH:0
end_of_record
TN:
SF:src\components\ui\icon-symbol.ios.tsx
FN:4,IconSymbol
FNF:1
FNH:0
FNDA:0,IconSymbol
DA:5,0
LF:1
LH:0
BRDA:4,0,0,0
BRDA:4,1,0,0
BRF:2
BRH:0
end_of_record
TN:
SF:src\components\ui\icon-symbol.tsx
FN:21,IconSymbol
FNF:1
FNH:0
FNDA:0,IconSymbol
DA:14,0
DA:22,0
LF:2
LH:0
BRDA:21,0,0,0
BRF:1
BRH:0
end_of_record
TN:
SF:src\constants\theme.ts
FNF:0
FNH:0
DA:3,0
DA:4,0
DA:6,0
DA:25,0
LF:4
LH:0
BRF:0
BRH:0
end_of_record
TN:
SF:src\features\auth\index.ts
FNF:0
FNH:0
LF:0
LH:0
BRF:0
BRH:0
end_of_record
TN:
SF:src\features\auth\hooks\useAuth.ts
FN:18,useAuth
FN:22,(anonymous_1)
FN:23,(anonymous_2)
FN:27,(anonymous_3)
FN:31,(anonymous_4)
FN:36,(anonymous_5)
FN:37,(anonymous_6)
FN:45,(anonymous_7)
FN:52,(anonymous_8)
FN:65,(anonymous_9)
FN:76,(anonymous_10)
FN:82,(anonymous_11)
FNF:12
FNH:0
FNDA:0,useAuth
FNDA:0,(anonymous_1)
FNDA:0,(anonymous_2)
FNDA:0,(anonymous_3)
FNDA:0,(anonymous_4)
FNDA:0,(anonymous_5)
FNDA:0,(anonymous_6)
FNDA:0,(anonymous_7)
FNDA:0,(anonymous_8)
FNDA:0,(anonymous_9)
FNDA:0,(anonymous_10)
FNDA:0,(anonymous_11)
DA:8,0
DA:19,0
DA:22,0
DA:23,0
DA:24,0
DA:27,0
DA:28,0
DA:31,0
DA:32,0
DA:36,0
DA:37,0
DA:38,0
DA:39,0
DA:41,0
DA:45,0
DA:46,0
DA:51,0
DA:53,0
DA:58,0
DA:59,0
DA:64,0
DA:66,0
DA:70,0
DA:71,0
DA:76,0
DA:77,0
DA:78,0
DA:79,0
DA:82,0
DA:83,0
DA:87,0
DA:88,0
DA:91,0
LF:33
LH:0
BRDA:38,0,0,0
BRDA:38,0,1,0
BRDA:58,1,0,0
BRDA:58,1,1,0
BRDA:70,2,0,0
BRDA:70,2,1,0
BRDA:78,3,0,0
BRDA:78,3,1,0
BRDA:87,4,0,0
BRDA:87,4,1,0
BRF:10
BRH:0
end_of_record
TN:
SF:src\hooks\use-color-scheme.ts
FNF:0
FNH:0
LF:0
LH:0
BRF:0
BRH:0
end_of_record
TN:
SF:src\hooks\use-color-scheme.web.ts
FN:4,useColorScheme
FN:7,(anonymous_1)
FNF:2
FNH:0
FNDA:0,useColorScheme
FNDA:0,(anonymous_1)
DA:5,0
DA:7,0
DA:8,0
DA:11,0
DA:13,0
DA:14,0
DA:17,0
LF:7
LH:0
BRDA:13,0,0,0
BRDA:13,0,1,0
BRF:2
BRH:0
end_of_record
TN:
SF:src\hooks\use-theme-color.ts
FN:5,useThemeColor
FNF:1
FNH:0
FNDA:0,useThemeColor
DA:9,0
DA:10,0
DA:12,0
DA:13,0
DA:15,0
LF:5
LH:0
BRDA:9,0,0,0
BRDA:9,0,1,0
BRDA:12,1,0,0
BRDA:12,1,1,0
BRF:4
BRH:0
end_of_record
TN:
SF:src\i18n\config.ts
FNF:0
FNH:0
DA:8,0
DA:10,0
LF:2
LH:0
BRDA:8,0,0,0
BRDA:8,0,1,0
BRF:2
BRH:0
end_of_record
TN:
SF:src\store\index.ts
FNF:0
FNH:0
LF:0
LH:0
BRF:0
BRH:0
end_of_record
TN:
SF:src\store\useAuthStore.ts
FN:13,(anonymous_0)
FN:18,(anonymous_1)
FN:25,(anonymous_2)
FN:32,(anonymous_3)
FNF:4
FNH:0
FNDA:0,(anonymous_0)
FNDA:0,(anonymous_1)
FNDA:0,(anonymous_2)
FNDA:0,(anonymous_3)
DA:13,0
DA:19,0
DA:26,0
DA:32,0
LF:4
LH:0
BRDA:21,0,0,0
BRDA:21,0,1,0
BRF:2
BRH:0
end_of_record
TN:
SF:src\store\useUIStore.ts
FN:14,(anonymous_0)
FN:19,(anonymous_1)
FN:20,(anonymous_2)
FN:20,(anonymous_3)
FN:21,(anonymous_4)
FN:21,(anonymous_5)
FNF:6
FNH:0
FNDA:0,(anonymous_0)
FNDA:0,(anonymous_1)
FNDA:0,(anonymous_2)
FNDA:0,(anonymous_3)
FNDA:0,(anonymous_4)
FNDA:0,(anonymous_5)
DA:14,0
DA:19,0
DA:20,0
DA:21,0
LF:4
LH:0
BRF:0
BRH:0
end_of_record
TN:
SF:src\utils\constants.ts
FNF:0
FNH:0
DA:1,0
DA:2,0
LF:2
LH:0
BRF:0
BRH:0
end_of_record
TN:
SF:src\utils\helpers.ts
FNF:0
FNH:0
LF:0
LH:0
BRF:0
BRH:0
end_of_record
TN:
SF:src\utils\useThemeColors.ts
FN:5,useThemeColors
FN:7,(anonymous_1)
FNF:2
FNH:0
FNDA:0,useThemeColors
FNDA:0,(anonymous_1)
DA:6,0
DA:7,0
DA:9,0
DA:11,0
LF:4
LH:0
BRDA:9,0,0,0
BRDA:9,0,1,0
BRDA:13,1,0,0
BRDA:13,1,1,0
BRDA:14,2,0,0
BRDA:14,2,1,0
BRDA:15,3,0,0
BRDA:15,3,1,0
BRDA:16,4,0,0
BRDA:16,4,1,0
BRDA:17,5,0,0
BRDA:17,5,1,0
BRDA:19,6,0,0
BRDA:19,6,1,0
BRDA:21,7,0,0
BRDA:21,7,1,0
BRDA:22,8,0,0
BRDA:22,8,1,0
BRDA:23,9,0,0
BRDA:23,9,1,0
BRDA:24,10,0,0
BRDA:24,10,1,0
BRF:22
BRH:0
end_of_record
